[2024/11/09 20:57:15 testutils package initialized
[2024/11/09 20:57:15 ][130]: [.\text1.txt .\text2.txt] 
[2024/11/09 20:57:15 ][133]: .\text1.txt 
[2024/11/09 20:57:15 ][133]: .\text2.txt 
[2024/11/09 20:57:27 testutils package initialized
[2024/11/09 20:57:27 ][130]: [.\text1.txt .\text2.txt] 
[2024/11/09 20:57:27 ][133]: .\text1.txt 
[2024/11/09 20:57:27 ][133]: .\text2.txt 
[2024/11/09 20:58:56 testutils package initialized
[2024/11/09 20:58:56 ][125]: hhh 
[2024/11/09 20:58:56 ][132]: [.\text1.txt .\text2.txt] 
[2024/11/09 20:58:56 ][135]: .\text1.txt 
[2024/11/09 20:58:56 ][135]: .\text2.txt 
[2024/11/09 20:59:17 testutils package initialized
[2024/11/09 20:59:17 ][125]: hhh 
[2024/11/09 20:59:17 ][132]: [.\text1.txt .\text2.txt] 
[2024/11/09 20:59:17 ][135]: .\text1.txt 
[2024/11/09 20:59:17 ][135]: .\text2.txt 
[2024/11/09 20:59:51 testutils package initialized
[2024/11/09 20:59:51 ][125]: hhh 
[2024/11/09 20:59:51 ][132]: [.\text1.txt .\text2.txt] 
[2024/11/09 20:59:51 ][135]: .\text1.txt 
[2024/11/09 20:59:51 ][135]: .\text2.txt 
[2024/11/09 21:00:51 testutils package initialized
[2024/11/09 21:00:51 >>>>>>>>>>
[2024/11/09 21:00:51 ][125]: hhh 
[2024/11/09 21:00:51 >>>>>>>>>>
[2024/11/09 21:00:51 ][132]: [.\text1.txt .\text2.txt] 
[2024/11/09 21:00:51 >>>>>>>>>>
[2024/11/09 21:00:51 ][135]: .\text1.txt 
[2024/11/09 21:00:51 >>>>>>>>>>
[2024/11/09 21:00:51 ][135]: .\text2.txt 
[2024/11/09 21:01:18 testutils package initialized
[2024/11/09 21:01:18 >>>>>>>>>>
[2024/11/09 21:01:18 ][125]: hhh 
[2024/11/09 21:01:18 >>>>>>>>>>
[2024/11/09 21:01:18 ][132]: [.\text1.txt .\text2.txt] 
[2024/11/09 21:01:18 >>>>>>>>>>
[2024/11/09 21:01:18 ][135]: .\text1.txt 
[2024/11/09 21:01:18 >>>>>>>>>>
[2024/11/09 21:01:18 ][135]: .\text2.txt 
[2024/11/09 21:01:38 testutils package initialized
[2024/11/09 21:01:38 >>>>>>>>>>
[2024/11/09 21:01:38 ][125]: hhh 
[2024/11/09 21:01:38 >>>>>>>>>>
[2024/11/09 21:01:38 ][132]: [.\text1.txt .\text2.txt] 
[2024/11/09 21:01:38 >>>>>>>>>>
[2024/11/09 21:01:38 ][135]: .\text1.txt 
[2024/11/09 21:01:38 >>>>>>>>>>
[2024/11/09 21:01:38 ][135]: .\text2.txt 
[2024/11/09 21:02:01 testutils package initialized
[2024/11/09 21:02:01 >>>>>>>>>>
[2024/11/09 21:02:01 ][125]: hhh 
[2024/11/09 21:02:01 >>>>>>>>>>
[2024/11/09 21:02:01 ][132]: [.\text1.txt .\text2.txt] 
[2024/11/09 21:02:01 >>>>>>>>>>
[2024/11/09 21:02:01 ][135]: .\text1.txt 
[2024/11/09 21:02:01 >>>>>>>>>>
[2024/11/09 21:02:01 ][135]: .\text2.txt 
[2024/11/09 21:02:17 testutils package initialized
[2024/11/09 21:02:17 >>>>>>>>>>
[2024/11/09 21:02:17 ][125]: hhh 
[2024/11/09 21:02:17 >>>>>>>>>>
[2024/11/09 21:02:17 ][132]: [.\text1.txt .\text2.txt] 
[2024/11/09 21:02:17 >>>>>>>>>>
[2024/11/09 21:02:17 ][135]: .\text1.txt 
[2024/11/09 21:02:17 >>>>>>>>>>
[2024/11/09 21:02:17 ][135]: .\text2.txt 
[2024/11/09 21:02:40 testutils package initialized
[2024/11/09 21:02:40 >>>>>>>>>>
[2024/11/09 21:02:40 ][125]: hhh 
[2024/11/09 21:02:40 >>>>>>>>>>
[2024/11/09 21:02:40 ][132]: [.\text1.txt .\text2.txt] 
[2024/11/09 21:02:40 >>>>>>>>>>
[2024/11/09 21:02:40 ][135]: .\text1.txt 
[2024/11/09 21:02:40 >>>>>>>>>>
[2024/11/09 21:02:40 ][135]: .\text2.txt 
[2024/11/09 21:03:01 testutils package initialized
[2024/11/09 21:03:01 >>>>>>>>>>
[2024/11/09 21:03:01 ][125]: hhh 
[2024/11/09 21:03:01 >>>>>>>>>>
[2024/11/09 21:03:01 ][132]: [.\text1.txt .\text2.txt] 
[2024/11/09 21:03:01 >>>>>>>>>>
[2024/11/09 21:03:01 ][135]: .\text1.txt 
[2024/11/09 21:03:01 >>>>>>>>>>
[2024/11/09 21:03:01 ][135]: .\text2.txt 
[2024/11/09 21:03:04 testutils package initialized
[2024/11/09 21:03:04 >>>>>>>>>>
[2024/11/09 21:03:04 ][125]: hhh 
[2024/11/09 21:03:04 >>>>>>>>>>
[2024/11/09 21:03:04 ][132]: [.\text1.txt .\text2.txt] 
[2024/11/09 21:03:04 >>>>>>>>>>
[2024/11/09 21:03:04 ][135]: .\text1.txt 
[2024/11/09 21:03:04 >>>>>>>>>>
[2024/11/09 21:03:04 ][135]: .\text2.txt 
[2024/11/09 21:03:52 testutils package initialized
[2024/11/09 21:03:52 hhh 
[2024/11/09 21:03:52 >>>>>>>>>>
[2024/11/09 21:03:52 ][125]: hhh 
[2024/11/09 21:03:52 [.\text1.txt .\text2.txt] 
[2024/11/09 21:03:52 >>>>>>>>>>
[2024/11/09 21:03:52 ][132]: [.\text1.txt .\text2.txt] 
[2024/11/09 21:03:52 .\text1.txt 
[2024/11/09 21:03:52 >>>>>>>>>>
[2024/11/09 21:03:52 ][135]: .\text1.txt 
[2024/11/09 21:03:52 .\text2.txt 
[2024/11/09 21:03:52 >>>>>>>>>>
[2024/11/09 21:03:52 ][135]: .\text2.txt 
[2024/11/09 21:22:30 testutils package initialized
[2024/11/09 21:22:30 >>>>>>>>>>
[2024/11/09 21:22:30 ][119]: hhh 
[2024/11/09 21:35:38 testutils package initialized
[2024/11/09 21:35:38 >>>>>>>>>>
[2024/11/09 21:35:38 ][121]: hhh 
[2024/11/09 21:35:41 testutils package initialized
[2024/11/09 21:35:41 >>>>>>>>>>
[2024/11/09 21:35:41 ][121]: hhh 
[2024/11/09 21:36:04 testutils package initialized
[2024/11/09 21:36:04 >>>>>>>>>>
[2024/11/09 21:36:04 ][121]: hhh 
[2024/11/09 21:42:06 testutils package initialized
[2024/11/09 21:42:06 >>>>>>>>>>
[2024/11/09 21:42:06 ][121]: hhh 
[2024/11/09 21:43:50 testutils package initialized
[2024/11/09 21:43:50 >>>>>>>>>>
[2024/11/09 21:43:50 ][121]: hhh 
[2024/11/09 21:53:20 testutils package initialized
[2024/11/09 21:53:20 >>>>>>>>>>
[2024/11/09 21:53:20 ][121]: hhh 
[2024/11/09 21:54:36 testutils package initialized
[2024/11/09 21:54:36 >>>>>>>>>>
[2024/11/09 21:54:36 ][121]: hhh 
[2024/11/09 21:55:44 testutils package initialized
[2024/11/09 21:55:44 >>>>>>>>>>
[2024/11/09 21:55:44 ][121]: hhh 
[2024/11/09 22:16:48 testutils package initialized
[2024/11/09 22:16:48 >>>>>>>>>>
[2024/11/09 22:16:48 ][121]: hhh 
[2024/11/09 22:40:10 testutils package initialized
[2024/11/09 22:40:10 >>>>>>>>>>
[2024/11/09 22:40:10 ][121]: hhh 
[2024/11/09 23:40:16 testutils package initialized
[2024/11/09 23:40:16 >>>>>>>>>>
[2024/11/09 23:40:16 ][121]: hhh 
[2024/11/09 23:41:48 testutils package initialized
[2024/11/09 23:41:48 >>>>>>>>>>
[2024/11/09 23:41:48 ][121]: hhh 
[2024/11/09 23:43:17 testutils package initialized
[2024/11/09 23:43:17 >>>>>>>>>>
[2024/11/09 23:43:17 ][121]: hhh 
[2024/11/09 23:49:31 testutils package initialized
[2024/11/09 23:49:31 ][130]: hhh 
[2024/11/09 23:49:54 testutils package initialized
[2024/11/09 23:49:54 ][130]: hhh 
[2024/11/09 23:51:07 testutils package initialized
[2024/11/09 23:51:07 ][130]: hhh 
[2024/11/09 23:51:43 testutils package initialized
[2024/11/09 23:51:43 ][130]: hhh 
[2024/11/09 23:52:30 testutils package initialized
[2024/11/09 23:52:30 130
[2024/11/09 23:52:30 hhh 
[2024/11/09 23:52:30 ][130]: hhh 
[2024/11/09 23:53:01 testutils package initialized
[2024/11/10 00:14:09 testutils package initialized
[2024/11/10 00:14:09 130
[2024/11/10 00:14:09 hhh 
[2024/11/10 00:14:09 ][130]: hhh 
[2024/11/10 00:14:59 ][130]: hhh 
[2024/11/09 16:17:55 d:/Git_Code/server_test_monitor/golang/study/logger/logger.go:38: ][130]: hhh 
[2024/11/09 16:24:28 logger.go:38: study.go][130]: hhh 
[2024/11/09 16:24:54 study.go][130]: hhh 
[2024/11/09 16:32:13 study.go][145]: [.\text1.txt .\text2.txt] 
[2024/11/09 16:32:13 study.go][148]: .\text1.txt 
[2024/11/09 16:32:13 study.go][148]: .\text2.txt 
[2024/11/09 16:33:06 study.go][145]: [.\text1.txt .\text2.txt] 
[2024/11/09 16:33:06 study.go][148]: .\text1.txt 
[2024/11/09 16:33:06 study.go][148]: .\text2.txt 
[2024/11/09 16:34:53 study.go][144]: [.\text1.txt .\text2.txt] 
[2024/11/09 16:34:53 study.go][147]: .\text1.txt 
[2024/11/09 16:34:53 study.go][147]: .\text2.txt 
[2024/11/09 16:37:06 study.go][144]: [.\text1.txt .\text2.txt] 
[2024/11/09 16:37:06 study.go][147]: .\text1.txt 
[2024/11/09 16:37:06 study.go][147]: .\text2.txt 
[2024/11/09 16:37:06 study.go][156]: map[a:2 aa:2 b:1 bb:1 c:1 cc:1 d:1 dd:1] 
[2024/11/09 16:39:10 study.go][144]: [.\text1.txt .\text2.txt] 
[2024/11/09 16:39:10 study.go][147]: .\text1.txt 
[2024/11/09 16:39:10 study.go][147]: .\text2.txt 
[2024/11/09 16:39:10 study.go][156]: 0 
[2024/11/09 16:40:23 study.go][144]: [.\text1.txt .\text2.txt] 
[2024/11/09 16:40:23 study.go][147]: .\text1.txt 
[2024/11/09 16:40:23 study.go][147]: .\text2.txt 
[2024/11/09 16:40:23 study.go][156]: 0 
[2024/11/09 16:40:39 study.go][144]: [.\text1.txt .\text2.txt] 
[2024/11/09 16:40:39 study.go][147]: .\text1.txt 
[2024/11/09 16:40:39 study.go][147]: .\text2.txt 
[2024/11/09 16:40:39 study.go][156]: 0 
[2024/11/09 16:45:33 study.go][144]: [.\text1.txt .\text2.txt] 
[2024/11/09 16:45:33 study.go][147]: .\text1.txt 
[2024/11/09 16:45:33 study.go][147]: .\text2.txt 
[2024/11/09 16:45:33 study.go][159]: aa 2 
[2024/11/09 16:45:33 study.go][159]: a 2 
[2024/11/09 17:24:45 study.go][158]: [.\text1.txt .\text2.txt] 
[2024/11/09 17:24:45 study.go][161]: .\text1.txt 
[2024/11/09 17:24:45 study.go][161]: .\text2.txt 
[2024/11/09 17:25:12 study.go][158]: [.\text1.txt .\text2.txt] 
[2024/11/09 17:25:12 study.go][161]: .\text1.txt 
[2024/11/09 17:25:12 study.go][161]: .\text2.txt 
[2024/11/09 17:25:12 study.go][172]: a [.\text1.txt] 
[2024/11/09 17:25:12 study.go][172]: b [.\text1.txt] 
[2024/11/09 17:25:12 study.go][172]: c [.\text1.txt] 
[2024/11/09 17:25:12 study.go][172]: d [.\text1.txt] 
[2024/11/09 17:25:12 study.go][172]: aa [.\text2.txt] 
[2024/11/09 17:25:12 study.go][172]: bb [.\text2.txt] 
[2024/11/09 17:25:12 study.go][172]: cc [.\text2.txt] 
[2024/11/09 17:25:12 study.go][172]: dd [.\text2.txt] 
[2024/11/09 17:25:32 study.go][158]: [.\text1.txt .\text2.txt] 
[2024/11/09 17:25:32 study.go][161]: .\text1.txt 
[2024/11/09 17:25:32 study.go][161]: .\text2.txt 
[2024/11/09 17:25:32 study.go][172]: a 1 [.\text1.txt] 
[2024/11/09 17:25:32 study.go][172]: b 1 [.\text1.txt] 
[2024/11/09 17:25:32 study.go][172]: c 1 [.\text1.txt] 
[2024/11/09 17:25:32 study.go][172]: d 1 [.\text1.txt] 
[2024/11/09 17:25:32 study.go][172]: aa 1 [.\text2.txt] 
[2024/11/09 17:25:32 study.go][172]: bb 1 [.\text2.txt] 
[2024/11/09 17:25:32 study.go][172]: cc 1 [.\text2.txt] 
[2024/11/09 17:25:32 study.go][172]: dd 1 [.\text2.txt] 
[2024/11/09 17:26:31 study.go][160]: [.\text1.txt .\text2.txt] 
[2024/11/09 17:26:31 study.go][163]: .\text1.txt 
[2024/11/09 17:26:31 study.go][138]: {1 [.\text1.txt]} 
[2024/11/09 17:26:31 study.go][146]: {1 [.\text1.txt]} 
[2024/11/09 17:26:31 study.go][163]: .\text2.txt 
[2024/11/09 17:26:31 study.go][138]: {1 [.\text2.txt]} 
[2024/11/09 17:26:31 study.go][146]: {1 [.\text2.txt]} 
[2024/11/09 17:26:31 study.go][174]: d 1 [.\text1.txt] 
[2024/11/09 17:26:31 study.go][174]: aa 1 [.\text2.txt] 
[2024/11/09 17:26:31 study.go][174]: bb 1 [.\text2.txt] 
[2024/11/09 17:26:31 study.go][174]: cc 1 [.\text2.txt] 
[2024/11/09 17:26:31 study.go][174]: dd 1 [.\text2.txt] 
[2024/11/09 17:26:31 study.go][174]: a 1 [.\text1.txt] 
[2024/11/09 17:26:31 study.go][174]: b 1 [.\text1.txt] 
[2024/11/09 17:26:31 study.go][174]: c 1 [.\text1.txt] 
[2024/11/09 17:26:52 study.go][160]: [.\text1.txt .\text2.txt] 
[2024/11/09 17:26:52 study.go][163]: .\text1.txt 
[2024/11/09 17:26:52 study.go][138]: a {1 [.\text1.txt]} 
[2024/11/09 17:26:52 study.go][146]: {1 [.\text1.txt]} 
[2024/11/09 17:26:52 study.go][163]: .\text2.txt 
[2024/11/09 17:26:52 study.go][138]: aa {1 [.\text2.txt]} 
[2024/11/09 17:26:52 study.go][146]: {1 [.\text2.txt]} 
[2024/11/09 17:26:52 study.go][174]: c 1 [.\text1.txt] 
[2024/11/09 17:26:52 study.go][174]: d 1 [.\text1.txt] 
[2024/11/09 17:26:52 study.go][174]: aa 1 [.\text2.txt] 
[2024/11/09 17:26:52 study.go][174]: bb 1 [.\text2.txt] 
[2024/11/09 17:26:52 study.go][174]: cc 1 [.\text2.txt] 
[2024/11/09 17:26:52 study.go][174]: dd 1 [.\text2.txt] 
[2024/11/09 17:26:52 study.go][174]: a 1 [.\text1.txt] 
[2024/11/09 17:26:52 study.go][174]: b 1 [.\text1.txt] 
[2024/11/09 17:27:43 study.go][160]: [.\text1.txt .\text2.txt] 
[2024/11/09 17:27:43 study.go][163]: .\text1.txt 
[2024/11/09 17:27:43 study.go][138]: a {1 [.\text1.txt]} 
[2024/11/09 17:27:43 study.go][146]: a {1 [.\text1.txt]} 
[2024/11/09 17:27:43 study.go][163]: .\text2.txt 
[2024/11/09 17:27:43 study.go][138]: aa {1 [.\text2.txt]} 
[2024/11/09 17:27:43 study.go][146]: aa {1 [.\text2.txt]} 
[2024/11/09 17:27:43 study.go][174]: d 1 [.\text1.txt] 
[2024/11/09 17:27:43 study.go][174]: aa 1 [.\text2.txt] 
[2024/11/09 17:27:43 study.go][174]: bb 1 [.\text2.txt] 
[2024/11/09 17:27:43 study.go][174]: cc 1 [.\text2.txt] 
[2024/11/09 17:27:43 study.go][174]: dd 1 [.\text2.txt] 
[2024/11/09 17:27:43 study.go][174]: a 1 [.\text1.txt] 
[2024/11/09 17:27:43 study.go][174]: b 1 [.\text1.txt] 
[2024/11/09 17:27:43 study.go][174]: c 1 [.\text1.txt] 
[2024/11/09 17:29:34 study.go][161]: [.\text1.txt .\text2.txt] 
[2024/11/09 17:29:34 study.go][164]: .\text1.txt 
[2024/11/09 17:29:34 study.go][138]: a {1 [.\text1.txt]} 
[2024/11/09 17:29:34 study.go][147]: a {2 [.\text1.txt a]} 
[2024/11/09 17:29:34 study.go][164]: .\text2.txt 
[2024/11/09 17:29:34 study.go][138]: aa {1 [.\text2.txt]} 
[2024/11/09 17:29:34 study.go][147]: aa {2 [.\text2.txt aa]} 
[2024/11/09 17:29:34 study.go][175]: bb 1 [.\text2.txt] 
[2024/11/09 17:29:34 study.go][175]: cc 1 [.\text2.txt] 
[2024/11/09 17:29:34 study.go][175]: dd 1 [.\text2.txt] 
[2024/11/09 17:29:34 study.go][175]: a 2 [.\text1.txt a] 
[2024/11/09 17:29:34 study.go][177]: a [.\text1.txt a] 
[2024/11/09 17:29:34 study.go][175]: b 1 [.\text1.txt] 
[2024/11/09 17:29:34 study.go][175]: c 1 [.\text1.txt] 
[2024/11/09 17:29:34 study.go][175]: d 1 [.\text1.txt] 
[2024/11/09 17:29:34 study.go][175]: aa 2 [.\text2.txt aa] 
[2024/11/09 17:29:34 study.go][177]: aa [.\text2.txt aa] 
[2024/11/09 17:29:48 study.go][159]: [.\text1.txt .\text2.txt] 
[2024/11/09 17:29:48 study.go][162]: .\text1.txt 
[2024/11/09 17:29:48 study.go][162]: .\text2.txt 
[2024/11/09 17:29:48 study.go][173]: cc 1 [.\text2.txt] 
[2024/11/09 17:29:48 study.go][173]: dd 1 [.\text2.txt] 
[2024/11/09 17:29:48 study.go][173]: a 2 [.\text1.txt a] 
[2024/11/09 17:29:48 study.go][175]: a [.\text1.txt a] 
[2024/11/09 17:29:48 study.go][173]: b 1 [.\text1.txt] 
[2024/11/09 17:29:48 study.go][173]: c 1 [.\text1.txt] 
[2024/11/09 17:29:48 study.go][173]: d 1 [.\text1.txt] 
[2024/11/09 17:29:48 study.go][173]: aa 2 [.\text2.txt aa] 
[2024/11/09 17:29:48 study.go][175]: aa [.\text2.txt aa] 
[2024/11/09 17:29:48 study.go][173]: bb 1 [.\text2.txt] 
[2024/11/09 17:29:56 study.go][159]: [.\text1.txt .\text2.txt] 
[2024/11/09 17:29:56 study.go][162]: .\text1.txt 
[2024/11/09 17:29:56 study.go][162]: .\text2.txt 
[2024/11/09 17:29:56 study.go][173]: bb 1 [.\text2.txt] 
[2024/11/09 17:29:56 study.go][173]: cc 1 [.\text2.txt] 
[2024/11/09 17:29:56 study.go][173]: dd 1 [.\text2.txt] 
[2024/11/09 17:29:56 study.go][173]: a 2 [.\text1.txt a] 
[2024/11/09 17:29:56 study.go][175]: a [.\text1.txt a] 
[2024/11/09 17:29:56 study.go][173]: b 1 [.\text1.txt] 
[2024/11/09 17:29:56 study.go][173]: c 1 [.\text1.txt] 
[2024/11/09 17:29:56 study.go][173]: d 1 [.\text1.txt] 
[2024/11/09 17:29:56 study.go][173]: aa 2 [.\text2.txt aa] 
[2024/11/09 17:29:56 study.go][175]: aa [.\text2.txt aa] 
[2024/11/09 17:30:02 study.go][159]: [.\text1.txt .\text2.txt] 
[2024/11/09 17:30:02 study.go][162]: .\text1.txt 
[2024/11/09 17:30:02 study.go][162]: .\text2.txt 
[2024/11/09 17:30:02 study.go][173]: cc 1 [.\text2.txt] 
[2024/11/09 17:30:02 study.go][173]: dd 1 [.\text2.txt] 
[2024/11/09 17:30:02 study.go][173]: a 2 [.\text1.txt a] 
[2024/11/09 17:30:02 study.go][175]: a [.\text1.txt a] 
[2024/11/09 17:30:02 study.go][173]: b 1 [.\text1.txt] 
[2024/11/09 17:30:02 study.go][173]: c 1 [.\text1.txt] 
[2024/11/09 17:30:02 study.go][173]: d 1 [.\text1.txt] 
[2024/11/09 17:30:02 study.go][173]: aa 2 [.\text2.txt aa] 
[2024/11/09 17:30:02 study.go][175]: aa [.\text2.txt aa] 
[2024/11/09 17:30:02 study.go][173]: bb 1 [.\text2.txt] 
[2024/11/09 17:30:10 study.go][159]: [.\text1.txt .\text2.txt] 
[2024/11/09 17:30:10 study.go][162]: .\text1.txt 
[2024/11/09 17:30:10 study.go][162]: .\text2.txt 
[2024/11/09 17:30:10 study.go][175]: a [.\text1.txt a] 
[2024/11/09 17:30:10 study.go][175]: aa [.\text2.txt aa] 
[2024/11/09 17:30:23 study.go][159]: [.\text1.txt .\text2.txt] 
[2024/11/09 17:30:23 study.go][162]: .\text1.txt 
[2024/11/09 17:30:23 study.go][162]: .\text2.txt 
[2024/11/09 17:30:23 study.go][175]: a [.\text1.txt a] 
[2024/11/09 17:30:23 study.go][175]: aa [.\text2.txt aa] 
[2024/11/09 17:30:27 study.go][173]: a [.\text1.txt a] 
[2024/11/09 17:30:27 study.go][173]: aa [.\text2.txt aa] 
[2024/11/09 17:31:04 study.go][173]: a [.\text1.txt .\text1.txt] 
[2024/11/09 17:31:04 study.go][173]: aa [.\text2.txt .\text2.txt] 
[2024/11/09 17:32:00 study.go][141]: ggg 
[2024/11/09 17:32:00 study.go][141]: ggg 
[2024/11/09 17:32:00 study.go][174]: a [.\text1.txt .\text1.txt] 
[2024/11/09 17:32:00 study.go][174]: aa [.\text2.txt .\text2.txt] 
[2024/11/09 17:33:43 study.go][177]: a [.\text1.txt] 
[2024/11/09 17:33:43 study.go][177]: aa [.\text2.txt] 
[2024/11/13 13:57:05 study.go][184]: 1731506225935680400 
[2024/11/13 14:25:55 study.go][227]: 1731507955539700200 
[2024/11/13 14:26:33 study.go][227]: 1731507993931634200 
[2024/11/13 14:27:57 study.go][227]: 1731508077784108000 
[2024/11/13 14:30:08 study.go][227]: 1731508208309778400 
[2024/11/13 14:43:32 study.go][238]: [60 33 68 79 67 84 89 80 69 32 104 116 109 108 32 80 85 66 76 73 67 32 34 45 47 47 87 51 67 47 47 68 84 68 32 88 72 84 77 76 32 49 46 48 32 84 114 97 110 115 105 116 105 111 110 97 108 47 47 69 78 34 10 9 32 32 34 104 116 116 112 58 47 47 119 119 119 46 119 51 46 111 114 103 47 84 82 47 120 104 116 109 108 49 47 68 84 68 47 120 104 116 109 108 49 45 116 114 97 110 115 105 116 105 111 110 97 108 46 100 116 100 34 62 10 60 104 116 109 108 32 120 109 108 110 115 61 34 104 116 116 112 58 47 47 119 119 119 46 119 51 46 111 114 103 47 49 57 57 57 47 120 104 116 109 108 34 62 10 60 104 101 97 100 62 10 32 32 60 109 101 116 97 32 110 97 109 101 61 34 103 111 45 105 109 112 111 114 116 34 32 99 111 110 116 101 110 116 61 34 103 111 112 108 46 105 111 32 103 105 116 32 104 116 116 112 115 58 47 47 103 105 116 104 117 98 46 99 111 109 47 97 100 111 110 111 118 97 110 47 103 111 112 108 46 105 111 34 62 60 47 109 101 116 97 62 10 32 32 60 116 105 116 108 101 62 84 104 101 32 71 111 32 80 114 111 103 114 97 109 109 105 110 103 32 76 97 110 103 117 97 103 101 60 47 116 105 116 108 101 62 10 32 32 60 115 99 114 105 112 116 62 10 32 32 40 102 117 110 99 116 105 111 110 40 105 44 115 44 111 44 103 44 114 44 97 44 109 41 123 105 91 39 71 111 111 103 108 101 65 110 97 108 121 116 105 99 115 79 98 106 101 99 116 39 93 61 114 59 105 91 114 93 61 105 91 114 93 124 124 102 117 110 99 116 105 111 110 40 41 123 10 32 32 40 105 91 114 93 46 113 61 105 91 114 93 46 113 124 124 91 93 41 46 112 117 115 104 40 97 114 103 117 109 101 110 116 115 41 125 44 105 91 114 93 46 108 61 49 42 110 101 119 32 68 97 116 101 40 41 59 97 61 115 46 99 114 101 97 116 101 69 108 101 109 101 110 116 40 111 41 44 10 32 32 109 61 115 46 103 101 116 69 108 101 109 101 110 116 115 66 121 84 97 103 78 97 109 101 40 111 41 91 48 93 59 97 46 97 115 121 110 99 61 49 59 97 46 115 114 99 61 103 59 109 46 112 97 114 101 110 116 78 111 100 101 46 105 110 115 101 114 116 66 101 102 111 114 101 40 97 44 109 41 10 32 32 125 41 40 119 105 110 100 111 119 44 100 111 99 117 109 101 110 116 44 39 115 99 114 105 112 116 39 44 39 47 47 119 119 119 46 103 111 111 103 108 101 45 97 110 97 108 121 116 105 99 115 46 99 111 109 47 97 110 97 108 121 116 105 99 115 46 106 115 39 44 39 103 97 39 41 59 10 10 32 32 103 97 40 39 99 114 101 97 116 101 39 44 32 39 85 65 45 54 56 55 56 49 56 48 57 45 49 39 44 32 39 97 117 116 111 39 41 59 10 32 32 103 97 40 39 115 101 110 100 39 44 32 39 112 97 103 101 118 105 101 119 39 41 59 10 32 32 60 47 115 99 114 105 112 116 62 10 32 32 60 108 105 110 107 32 114 101 108 61 34 115 116 121 108 101 115 104 101 101 116 34 32 116 121 112 101 61 34 116 101 120 116 47 99 115 115 34 32 104 114 101 102 61 34 115 116 121 108 101 46 99 115 115 34 32 47 62 10 32 32 60 115 116 121 108 101 62 10 46 98 105 111 32 123 10 9 102 111 110 116 45 115 105 122 101 58 9 57 53 37 59 10 9 116 101 120 116 45 97 108 105 103 110 58 9 106 117 115 116 105 102 121 59 10 125 10 46 98 105 98 108 105 111 32 123 10 9 109 97 114 103 105 110 58 9 9 48 46 53 101 109 59 10 9 102 111 110 116 45 115 105 122 101 58 9 49 49 48 37 59 10 9 108 105 110 101 45 104 101 105 103 104 116 58 9 49 51 48 37 59 10 125 10 46 99 101 110 116 101 114 32 123 10 9 116 101 120 116 45 97 108 105 103 110 58 9 99 101 110 116 101 114 59 10 125 10 116 100 32 123 10 9 112 97 100 100 105 110 103 58 9 48 46 53 101 109 32 49 101 109 32 48 46 53 101 109 32 49 101 109 59 10 9 118 101 114 116 105 99 97 108 45 97 108 105 103 110 58 32 116 111 112 59 10 125 10 35 116 111 99 32 104 49 32 123 10 9 102 111 110 116 45 115 105 122 101 58 9 57 53 37 59 10 9 102 111 110 116 45 119 101 105 103 104 116 58 32 32 32 32 110 111 114 109 97 108 59 10 125 10 104 114 32 123 10 9 98 111 114 100 101 114 58 9 9 48 59 10 9 98 111 114 100 101 114 45 116 111 112 58 9 116 104 105 110 32 115 111 108 105 100 32 35 99 99 99 10 125 10 32 32 60 47 115 116 121 108 101 62 10 60 47 104 101 97 100 62 10 60 98 111 100 121 62 10 60 116 97 98 108 101 62 60 116 114 62 10 60 116 100 62 10 32 32 60 97 32 104 114 101 102 61 39 104 116 116 112 58 47 47 119 119 119 46 105 110 102 111 114 109 105 116 46 99 111 109 47 115 116 111 114 101 47 103 111 45 112 114 111 103 114 97 109 109 105 110 103 45 108 97 110 103 117 97 103 101 45 57 55 56 48 49 51 52 49 57 48 52 52 48 39 62 60 105 109 103 32 98 111 114 100 101 114 61 39 49 39 32 115 114 99 61 34 99 111 118 101 114 46 112 110 103 34 32 104 101 105 103 104 116 61 39 54 48 48 39 47 62 60 47 97 62 10 32 32 60 98 114 47 62 10 32 32 60 100 105 118 32 115 116 121 108 101 61 39 116 101 120 116 45 97 108 105 103 110 58 32 99 101 110 116 101 114 39 62 10 32 32 60 97 32 104 114 101 102 61 39 104 116 116 112 58 47 47 119 119 119 46 97 109 97 122 111 110 46 99 111 109 47 100 112 47 48 49 51 52 49 57 48 52 52 48 39 62 60 105 109 103 32 98 111 114 100 101 114 61 39 48 39 32 119 105 100 116 104 61 39 49 53 48 39 32 115 114 99 61 34 98 117 121 102 114 111 109 97 109 97 122 111 110 46 112 110 103 34 47 62 60 47 97 62 10 32 32 38 110 98 115 112 59 38 110 98 115 112 59 38 110 98 115 112 59 10 32 32 60 97 32 104 114 101 102 61 39 104 116 116 112 58 47 47 119 119 119 46 105 110 102 111 114 109 105 116 46 99 111 109 47 115 116 111 114 101 47 103 111 45 112 114 111 103 114 97 109 109 105 110 103 45 108 97 110 103 117 97 103 101 45 57 55 56 48 49 51 52 49 57 48 52 52 48 39 47 62 60 105 109 103 32 98 111 114 100 101 114 61 39 48 39 32 104 101 105 103 104 116 61 39 50 54 39 32 115 114 99 61 34 105 110 102 111 114 109 105 116 46 112 110 103 34 47 62 60 47 97 62 10 32 32 38 110 98 115 112 59 38 110 98 115 112 59 38 110 98 115 112 59 10 32 32 60 97 32 104 114 101 102 61 39 104 116 116 112 58 47 47 119 119 119 46 98 97 114 110 101 115 97 110 100 110 111 98 108 101 46 99 111 109 47 119 47 49 49 50 49 54 48 49 57 52 52 39 62 60 105 109 103 32 98 111 114 100 101 114 61 39 48 39 32 119 105 100 116 104 61 39 49 53 48 39 32 115 114 99 61 34 98 97 114 110 101 115 110 111 98 108 101 46 112 110 103 34 47 62 60 47 97 62 10 32 32 60 47 100 105 118 62 10 60 47 98 114 62 10 60 47 116 100 62 10 60 116 100 32 119 105 100 116 104 61 39 53 48 48 39 62 10 60 104 49 32 99 108 97 115 115 61 39 99 101 110 116 101 114 39 62 84 104 101 32 71 111 32 80 114 111 103 114 97 109 109 105 110 103 32 76 97 110 103 117 97 103 101 60 47 104 49 62 10 60 112 32 99 108 97 115 115 61 39 98 105 98 108 105 111 32 99 101 110 116 101 114 39 62 10 65 108 97 110 32 65 46 32 65 46 32 68 111 110 111 118 97 110 32 38 109 105 100 100 111 116 59 32 66 114 105 97 110 32 87 46 32 75 101 114 110 105 103 104 97 110 60 98 114 47 62 10 80 117 98 108 105 115 104 101 100 32 79 99 116 32 50 54 44 32 50 48 49 53 32 105 110 32 112 97 112 101 114 98 97 99 107 32 97 110 100 32 78 111 118 32 50 48 32 105 110 32 101 45 98 111 111 107 60 98 114 47 62 10 65 100 100 105 115 111 110 45 87 101 115 108 101 121 59 32 51 56 48 112 112 59 32 73 83 66 78 58 38 110 98 115 112 59 57 55 56 45 48 49 51 52 49 57 48 52 52 48 60 98 114 47 62 10 60 116 116 62 97 117 116 104 111 114 115 60 47 116 116 62 60 116 116 62 38 35 48 48 54 52 59 60 47 116 116 62 60 116 116 62 103 111 112 108 46 105 111 60 47 116 116 62 10 60 47 112 62 10 10 60 33 45 45 32 84 97 98 108 101 32 111 102 32 67 111 110 116 101 110 116 115 32 45 45 62 10 60 100 105 118 32 105 100 61 39 116 111 99 39 62 10 60 116 97 98 108 101 62 60 116 114 62 10 60 116 100 62 10 60 104 49 62 67 111 110 116 101 110 116 115 32 91 60 97 32 104 114 101 102 61 39 99 104 49 46 112 100 102 39 47 62 80 68 70 60 47 97 62 93 60 47 104 49 62 10 60 104 49 62 80 114 101 102 97 99 101 32 32 91 60 97 32 104 114 101 102 61 39 99 104 49 46 112 100 102 39 47 62 80 68 70 60 47 97 62 93 60 47 104 49 62 10 60 104 49 62 49 46 32 84 117 116 111 114 105 97 108 32 91 60 97 32 104 114 101 102 61 39 99 104 49 46 112 100 102 39 47 62 80 68 70 60 47 97 62 93 60 47 104 49 62 10 60 104 49 62 50 46 32 80 114 111 103 114 97 109 32 83 116 114 117 99 116 117 114 101 60 47 104 49 62 10 60 104 49 62 51 46 32 66 97 115 105 99 32 68 97 116 97 32 84 121 112 101 115 60 47 104 49 62 10 60 104 49 62 52 46 32 67 111 109 112 111 115 105 116 101 32 84 121 112 101 115 60 47 104 49 62 10 60 104 49 62 53 46 32 70 117 110 99 116 105 111 110 115 60 47 104 49 62 10 60 104 49 62 54 46 32 77 101 116 104 111 100 115 60 47 104 49 62 10 60 47 116 100 62 10 60 116 100 62 10 60 104 49 62 55 46 32 73 110 116 101 114 102 97 99 101 115 60 47 104 49 62 10 60 104 49 62 56 46 32 71 111 114 111 117 116 105 110 101 115 32 97 110 100 32 67 104 97 110 110 101 108 115 60 47 104 49 62 10 60 104 49 62 57 46 32 67 111 110 99 117 114 114 101 110 99 121 32 119 105 116 104 32 83 104 97 114 101 100 32 86 97 114 105 97 98 108 101 115 60 47 104 49 62 10 60 104 49 62 49 48 46 32 80 97 99 107 97 103 101 115 32 97 110 100 32 116 104 101 32 71 111 32 84 111 111 108 60 47 104 49 62 10 60 104 49 62 49 49 46 32 84 101 115 116 105 110 103 60 47 104 49 62 10 60 104 49 62 49 50 46 32 82 101 102 108 101 99 116 105 111 110 60 47 104 49 62 10 60 104 49 62 49 51 46 32 76 111 119 45 76 101 118 101 108 32 80 114 111 103 114 97 109 109 105 110 103 60 47 104 49 62 10 60 104 49 62 73 110 100 101 120 32 32 91 60 97 32 104 114 101 102 61 39 99 104 49 46 112 100 102 39 47 62 80 68 70 60 47 97 62 93 60 47 104 49 62 10 60 47 116 100 62 10 60 47 116 114 62 10 60 116 114 62 10 60 116 100 32 99 111 108 115 112 97 110 61 39 50 39 62 10 60 104 49 62 10 32 32 60 97 32 104 114 101 102 61 39 104 116 116 112 115 58 47 47 103 105 116 104 117 98 46 99 111 109 47 97 100 111 110 111 118 97 110 47 103 111 112 108 46 105 111 47 39 62 83 111 117 114 99 101 32 99 111 100 101 60 47 97 62 38 110 98 115 112 59 38 110 98 115 112 59 124 38 110 98 115 112 59 38 110 98 115 112 59 10 32 32 60 97 32 104 114 101 102 61 39 114 101 118 105 101 119 115 46 104 116 109 108 39 62 82 101 118 105 101 119 115 60 47 97 62 38 110 98 115 112 59 38 110 98 115 112 59 124 38 110 98 115 112 59 38 110 98 115 112 59 10 32 32 60 97 32 104 114 101 102 61 39 116 114 97 110 115 108 97 116 105 111 110 115 46 104 116 109 108 39 62 84 114 97 110 115 108 97 116 105 111 110 115 60 47 97 62 38 110 98 115 112 59 38 110 98 115 112 59 124 38 110 98 115 112 59 38 110 98 115 112 59 10 32 32 60 97 32 104 114 101 102 61 39 101 114 114 97 116 97 46 104 116 109 108 39 62 69 114 114 97 116 97 60 47 97 62 10 60 47 104 49 62 10 60 47 116 100 62 10 60 47 116 114 62 10 60 47 116 97 98 108 101 62 10 60 47 100 105 118 62 10 10 60 112 32 99 108 97 115 115 61 34 98 105 111 34 62 10 65 108 97 110 32 68 111 110 111 118 97 110 32 105 115 32 97 32 83 116 97 102 102 32 69 110 103 105 110 101 101 114 32 105 110 32 71 111 111 103 108 101 39 115 32 105 110 102 114 97 115 116 114 117 99 116 117 114 101 32 100 105 118 105 115 105 111 110 44 10 115 112 101 99 105 97 108 105 122 105 110 103 32 105 110 32 115 111 102 116 119 97 114 101 32 100 101 118 101 108 111 112 109 101 110 116 32 116 111 111 108 115 46 32 32 83 105 110 99 101 32 50 48 49 50 44 32 104 101 32 104 97 115 32 98 101 101 110 10 119 111 114 107 105 110 103 32 111 110 32 116 104 101 32 71 111 32 116 101 97 109 44 32 100 101 115 105 103 110 105 110 103 32 108 105 98 114 97 114 105 101 115 32 97 110 100 32 116 111 111 108 115 32 102 111 114 32 115 116 97 116 105 99 10 97 110 97 108 121 115 105 115 46 32 32 72 101 32 105 115 32 116 104 101 32 97 117 116 104 111 114 32 111 102 32 116 104 101 10 60 97 32 104 114 101 102 61 39 104 116 116 112 58 47 47 103 111 108 97 110 103 46 111 114 103 47 115 47 111 114 97 99 108 101 45 117 115 101 114 45 109 97 110 117 97 108 39 62 60 99 111 100 101 62 111 114 97 99 108 101 60 47 99 111 100 101 62 60 47 97 62 44 10 60 97 32 104 114 101 102 61 39 104 116 116 112 58 47 47 103 111 108 97 110 103 46 111 114 103 47 108 105 98 47 103 111 100 111 99 47 97 110 97 108 121 115 105 115 47 104 101 108 112 46 104 116 109 108 39 62 60 99 111 100 101 62 103 111 100 111 99 32 45 97 110 97 108 121 115 105 115 60 47 99 111 100 101 62 60 47 97 62 44 10 60 97 32 104 114 101 102 61 39 104 116 116 112 115 58 47 47 103 105 116 104 117 98 46 99 111 109 47 103 111 108 97 110 103 47 116 111 111 108 115 47 98 108 111 98 47 109 97 115 116 101 114 47 114 101 102 97 99 116 111 114 47 101 103 47 101 103 46 103 111 39 62 60 99 111 100 101 62 101 103 60 47 99 111 100 101 62 60 47 97 62 44 10 97 110 100 32 60 97 32 104 114 101 102 61 39 104 116 116 112 115 58 47 47 103 105 116 104 117 98 46 99 111 109 47 103 111 108 97 110 103 47 116 111 111 108 115 47 98 108 111 98 47 109 97 115 116 101 114 47 114 101 102 97 99 116 111 114 47 114 101 110 97 109 101 47 114 101 110 97 109 101 46 103 111 39 62 60 99 111 100 101 62 103 111 114 101 110 97 109 101 60 47 99 111 100 101 62 60 47 97 62 32 116 111 111 108 115 46 10 60 47 112 62 32 10 10 60 112 32 99 108 97 115 115 61 34 98 105 111 34 62 10 66 114 105 97 110 32 75 101 114 110 105 103 104 97 110 32 119 97 115 32 105 110 32 116 104 101 32 67 111 109 112 117 116 105 110 103 32 83 99 105 101 110 99 101 32 82 101 115 101 97 114 99 104 32 99 101 110 116 101 114 32 97 116 32 66 101 108 108 10 76 97 98 115 32 117 110 116 105 108 32 50 48 48 48 44 32 119 104 101 114 101 32 104 101 32 119 111 114 107 101 100 32 111 110 32 108 97 110 103 117 97 103 101 115 32 97 110 100 32 116 111 111 108 115 32 102 111 114 32 85 110 105 120 46 32 32 72 101 10 105 115 32 110 111 119 32 97 32 112 114 111 102 101 115 115 111 114 32 105 110 32 116 104 101 32 67 111 109 112 117 116 101 114 32 83 99 105 101 110 99 101 32 68 101 112 97 114 116 109 101 110 116 32 97 116 32 80 114 105 110 99 101 116 111 110 46 10 72 101 32 105 115 32 116 104 101 32 99 111 45 97 117 116 104 111 114 32 111 102 32 115 101 118 101 114 97 108 32 98 111 111 107 115 44 32 105 110 99 108 117 100 105 110 103 10 60 97 32 104 114 101 102 61 39 104 116 116 112 58 47 47 119 119 119 46 97 109 97 122 111 110 46 99 111 109 47 100 112 47 48 49 51 49 49 48 51 54 50 56 63 116 114 97 99 107 105 110 103 95 105 100 61 100 105 115 102 111 114 100 105 103 45 50 48 39 62 84 104 101 32 67 32 80 114 111 103 114 97 109 109 105 110 103 32 76 97 110 103 117 97 103 101 60 47 97 62 32 97 110 100 10 60 97 32 104 114 101 102 61 39 104 116 116 112 58 47 47 119 119 119 46 97 109 97 122 111 110 46 99 111 109 47 100 112 47 48 50 48 49 54 49 53 56 54 88 63 116 114 97 99 107 105 110 103 95 105 100 61 100 105 115 102 111 114 100 105 103 45 50 48 39 62 84 104 101 32 80 114 97 99 116 105 99 101 32 111 102 32 80 114 111 103 114 97 109 109 105 110 103 60 47 97 62 46 10 10 60 47 116 100 62 10 60 47 116 114 62 60 47 116 97 98 108 101 62 10 60 47 98 111 100 121 62 10 60 47 104 116 109 108 62 10] 
[2024/11/13 15:03:21 study.go][240]: failed, reason is : Get "www.baidu.com": unsupported protocol scheme "" 
[2024/11/13 15:04:57 study.go][240]: failed, reason is : Get "http//:www.baidu.com": unsupported protocol scheme "" 
[2024/11/13 15:05:20 study.go][237]: http//:www.baidu.com 
[2024/11/13 15:05:20 study.go][241]: failed, reason is : Get "http//:www.baidu.com": unsupported protocol scheme "" 
[2024/11/13 15:05:35 study.go][237]: http//:www.baidu.com 
[2024/11/13 15:05:35 study.go][241]: failed, reason is : Get "http//:www.baidu.com": unsupported protocol scheme "" 
[2024/11/13 15:05:49 study.go][237]: http://www.baidu.com 
[2024/11/13 15:06:20 study.go][237]: http://www.baidu.com 
[2024/11/13 15:06:20 study.go][240]: 200 OK 
[2024/11/13 15:06:31 study.go][237]: http://www.baidu.com 
[2024/11/13 15:06:31 study.go][240]: 200 OK 
[2024/11/13 15:06:43 study.go][237]: http://www.baidu.com 
[2024/11/13 15:06:43 study.go][240]: 200 OK 
[2024/11/13 15:06:46 study.go][237]: http://www.baidu.com 
[2024/11/13 15:06:46 study.go][240]: 200 OK 
[2024/11/13 15:07:40 study.go][236]: http://www.baidu.com 
[2024/11/13 15:07:40 study.go][239]: 200 OK 
